[01/Sep/2021 13:50:09 Europe/Stockholm] [Info] ############################################################
[01/Sep/2021 13:50:09 Europe/Stockholm] [Info] # Output Factory initiated (html5)
[01/Sep/2021 13:50:09 Europe/Stockholm] [Info] # Building output for: Test
[01/Sep/2021 13:50:09 Europe/Stockholm] [Info] # URL /document/edit/244393
[01/Sep/2021 13:50:09 Europe/Stockholm] [Info] # User: Erik Rask
[01/Sep/2021 13:50:09 Europe/Stockholm] [Info] # Time: Wed, 01 Sep 2021 13:50:09 +0200
[01/Sep/2021 13:50:09 Europe/Stockholm] [Info] # Server: cannes
[01/Sep/2021 13:50:09 Europe/Stockholm] [Info] ############################################################
[01/Sep/2021 13:50:09 Europe/Stockholm] [Info] Group: custom
[01/Sep/2021 13:50:09 Europe/Stockholm] [Info] Type: html5
[01/Sep/2021 13:50:09 Europe/Stockholm] [Info] Transformation: /var/www/ccms/usr/erik/xsl/custom/layout-300265.xsl
[01/Sep/2021 13:50:10 Europe/Stockholm] [Info] File found: /var/www/ccms/usr/erik/xsl/custom/layout-300265.xsl
[01/Sep/2021 13:50:10 Europe/Stockholm] [Info] ############################################################
[01/Sep/2021 13:50:10 Europe/Stockholm] [Info] Building output for: html5
[01/Sep/2021 13:50:10 Europe/Stockholm] [Info] Using stylesheet: /var/www/ccms/usr/erik/xsl/custom/layout-300265.xsl
[01/Sep/2021 13:50:10 Europe/Stockholm] [Info] Parameters for this build: (array) []
[01/Sep/2021 13:50:10 Europe/Stockholm] [Info] Environment variables for this build: (array) {"reused.publication.as.topic":"0"}
[01/Sep/2021 13:50:10 Europe/Stockholm] [Info] Building output for languages: (array) ["en"]
[01/Sep/2021 13:50:10 Europe/Stockholm] [Info] Building multilang: no
[01/Sep/2021 13:50:10 Europe/Stockholm] [Info] Building preview: no
[01/Sep/2021 13:50:10 Europe/Stockholm] [Info] ############################################################
[01/Sep/2021 13:50:10 Europe/Stockholm] [Info] Using build directory: /paligo/tmp/erik/production-612f68f08326f2.82432852/244393-Test-html5
[01/Sep/2021 13:50:11 Europe/Stockholm] [Info] -- Generating source files
[01/Sep/2021 13:50:11 Europe/Stockholm] [Info] -- Propagating taxonomies: false
[01/Sep/2021 13:50:11 Europe/Stockholm] [Info] -- Source files have been generated
[01/Sep/2021 13:50:11 Europe/Stockholm] [Info] -- Publication has no unresolved dependencies.
[01/Sep/2021 13:50:11 Europe/Stockholm] [Info] -- Generating source files complete.
[01/Sep/2021 13:50:12 Europe/Stockholm] [Info] Localizing: publication-244393.xml
[01/Sep/2021 13:50:12 Europe/Stockholm] [Info] Language: en
[01/Sep/2021 13:50:13 Europe/Stockholm] [Info] Variable sets found: 0
[01/Sep/2021 13:50:14 Europe/Stockholm] [Info] Inserting image links.
[01/Sep/2021 13:50:14 Europe/Stockholm] [Info] Found 0 image(s).
[01/Sep/2021 13:50:15 Europe/Stockholm] [Info] Profiling parameters: (array) []
[01/Sep/2021 13:50:15 Europe/Stockholm] [Info] Profiling customisation: /var/www/ccms/usr/erik/xsl/profile.xsl (not found)
[01/Sep/2021 13:50:15 Europe/Stockholm] [Info] Transformation: publication-244393--en.org.xml -> publication-244393--en.xml [profile.xsl]
[01/Sep/2021 13:50:15 Europe/Stockholm] [Info] Transformation: publication-244393--en.xml -> publication-244393--en.xml [internal-xref.xsl]
[01/Sep/2021 13:50:15 Europe/Stockholm] [Info] Transformation: A-filelist.xml -> B-sorted.xml [IO.document.sortlang.xsl]
[01/Sep/2021 13:50:15 Europe/Stockholm] [Info] Transformation: B-sorted.xml -> C-concatenated.xml [IO.document.concat.xsl]
[01/Sep/2021 13:50:15 Europe/Stockholm] [Info] Transformation: B-sorted.xml -> index-en.xml [IO.document.head.xsl]
[01/Sep/2021 13:50:15 Europe/Stockholm] [Info] Created copy: /var/www/ccms/usr/erik/xsl/custom/layout-300265.xsl -> /var/www/ccms/usr/erik/xsl/custom/612f68f7b86e5.xsl
[01/Sep/2021 13:50:15 Europe/Stockholm] [Info] Created symlink: /var/www/ccms/application/lib/docbook/xsl/html5/html5-2.page.xsl -> /var/www/ccms/usr/erik/xsl/custom/612f68f7b86e5.page.xsl
[01/Sep/2021 13:50:15 Europe/Stockholm] [Info] Created symlink: /var/www/ccms/application/lib/docbook/xsl/html5/html5-2.index.xsl -> /var/www/ccms/usr/erik/xsl/custom/612f68f7b86e5.index.xsl
[01/Sep/2021 13:50:15 Europe/Stockholm] [Info] Created symlink: /var/www/ccms/application/lib/docbook/xsl/html5/html5.toc.xsl -> /var/www/ccms/usr/erik/xsl/custom/612f68f7b86e5.toc.xsl
[01/Sep/2021 13:50:15 Europe/Stockholm] [Info] Created symlink: /var/www/ccms/application/lib/docbook/xsl/html5/html5.page.xsl -> /var/www/ccms/usr/erik/xsl/custom/612f68f7b86e5.page.xsl
[01/Sep/2021 13:50:15 Europe/Stockholm] [Info] Created symlink: /var/www/ccms/application/lib/docbook/xsl/html5/html5.index.xsl -> /var/www/ccms/usr/erik/xsl/custom/612f68f7b86e5.index.xsl
[01-Sep-2021 13:50:16 Europe/Stockholm] Parsing manifest file: css/*, css/image/*, css/image/callouts/*, js/*, js/jquery-3/*, fonts/*
[01-Sep-2021 13:50:16 Europe/Stockholm] Filename: css/*
[01-Sep-2021 13:50:16 Europe/Stockholm] Source directory: /var/www/ccms/application/lib/docbook/xsl/html5
[01-Sep-2021 13:50:16 Europe/Stockholm] Target directory: /paligo/tmp/erik/production-612f68f08326f2.82432852/244393-Test-html5/out
[01-Sep-2021 13:50:16 Europe/Stockholm] Copy file 'bootstrap-3.0.2.min.css'
[01-Sep-2021 13:50:16 Europe/Stockholm] Copy file 'bootstrap-theme-3.0.2.min.css'
[01-Sep-2021 13:50:16 Europe/Stockholm] Copy file 'bootstrap-theme.min.css'
[01-Sep-2021 13:50:16 Europe/Stockholm] Copy file 'bootstrap-theme.min.css.map'
[01-Sep-2021 13:50:16 Europe/Stockholm] Copy file 'bootstrap.min.css'
[01-Sep-2021 13:50:16 Europe/Stockholm] Copy file 'bootstrap.min.css.map'
[01-Sep-2021 13:50:16 Europe/Stockholm] Copy file 'content-theme1.css'
[01-Sep-2021 13:50:16 Europe/Stockholm] Copy file 'content-theme2.css'
[01-Sep-2021 13:50:16 Europe/Stockholm] Copy file 'docbook.css'
[01-Sep-2021 13:50:16 Europe/Stockholm] Copy file 'font-awesome.css'
[01-Sep-2021 13:50:16 Europe/Stockholm] Copy file 'graphical-lists.css'
[01-Sep-2021 13:50:16 Europe/Stockholm] Copy file 'html5.algoliasearch.css'
[01-Sep-2021 13:50:16 Europe/Stockholm] Copy file 'html5.algoliasearchpage.css'
[01-Sep-2021 13:50:16 Europe/Stockholm] Copy file 'mathml.css'
[01-Sep-2021 13:50:16 Europe/Stockholm] Copy file 'roboto.font.css'
[01-Sep-2021 13:50:16 Europe/Stockholm] Copy file 'rwd-table.min.css'
[01-Sep-2021 13:50:16 Europe/Stockholm] Copy file 'sm-core-css.css'
[01-Sep-2021 13:50:16 Europe/Stockholm] Copy file 'sm-simple.css'
[01-Sep-2021 13:50:16 Europe/Stockholm] Copy file 'style-api-responsive.css'
[01-Sep-2021 13:50:16 Europe/Stockholm] Copy file 'style-api.css'
[01-Sep-2021 13:50:16 Europe/Stockholm] Copy file 'style-common.css'
[01-Sep-2021 13:50:16 Europe/Stockholm] Copy file 'style-index-page.css'
[01-Sep-2021 13:50:16 Europe/Stockholm] Copy file 'style-modern-tables.css'
[01-Sep-2021 13:50:16 Europe/Stockholm] Copy file 'style-print.css'
[01-Sep-2021 13:50:16 Europe/Stockholm] Copy file 'style-responsive.css'
[01-Sep-2021 13:50:16 Europe/Stockholm] Copy file 'style-revealjs-slides.css'
[01-Sep-2021 13:50:16 Europe/Stockholm] Copy file 'style-single-page.css'
[01-Sep-2021 13:50:16 Europe/Stockholm] Copy file 'style.css'
[01-Sep-2021 13:50:16 Europe/Stockholm] Copy file 'theme0.css'
[01-Sep-2021 13:50:16 Europe/Stockholm] Copy file 'theme1-colors.css'
[01-Sep-2021 13:50:16 Europe/Stockholm] Copy file 'theme1.css'
[01-Sep-2021 13:50:16 Europe/Stockholm] Copy file 'theme2-colors.css'
[01-Sep-2021 13:50:16 Europe/Stockholm] Copy file 'theme2.css'
[01-Sep-2021 13:50:16 Europe/Stockholm] Copy file 'theme3-colors.css'
[01-Sep-2021 13:50:16 Europe/Stockholm] Copy file 'theme3.css'
[01-Sep-2021 13:50:16 Europe/Stockholm] Copy file 'theme3b-colors.css'
[01-Sep-2021 13:50:16 Europe/Stockholm] Copy file 'theme3b.css'
[01-Sep-2021 13:50:16 Europe/Stockholm] Filename: css/image/*
[01-Sep-2021 13:50:16 Europe/Stockholm] Source directory: /var/www/ccms/application/lib/docbook/xsl/html5
[01-Sep-2021 13:50:16 Europe/Stockholm] Target directory: /paligo/tmp/erik/production-612f68f08326f2.82432852/244393-Test-html5/out
[01-Sep-2021 13:50:16 Europe/Stockholm] Copy file 'breadcrumb-seperator.png'
[01-Sep-2021 13:50:16 Europe/Stockholm] Copy file 'caution.png'
[01-Sep-2021 13:50:16 Europe/Stockholm] Copy file 'corporate-logo-blue-inverted.svg'
[01-Sep-2021 13:50:16 Europe/Stockholm] Copy file 'corporate-logo-blue.svg'
[01-Sep-2021 13:50:16 Europe/Stockholm] Copy file 'corporate-logo-white.png'
[01-Sep-2021 13:50:16 Europe/Stockholm] Copy file 'corporate-logo-white.svg'
[01-Sep-2021 13:50:16 Europe/Stockholm] Copy file 'corporate-logo.png'
[01-Sep-2021 13:50:16 Europe/Stockholm] Copy file 'corporate-logo.svg'
[01-Sep-2021 13:50:16 Europe/Stockholm] Copy file 'important.png'
[01-Sep-2021 13:50:16 Europe/Stockholm] Copy file 'note.png'
[01-Sep-2021 13:50:16 Europe/Stockholm] Copy file 'portal1-bg.jpg'
[01-Sep-2021 13:50:16 Europe/Stockholm] Copy file 'portal2a-bg.jpg'
[01-Sep-2021 13:50:16 Europe/Stockholm] Copy file 'portal2b-bg.jpg'
[01-Sep-2021 13:50:16 Europe/Stockholm] Copy file 'portal2c-bg.jpg'
[01-Sep-2021 13:50:16 Europe/Stockholm] Copy file 'subheader-bg.png'
[01-Sep-2021 13:50:16 Europe/Stockholm] Copy file 'warning.png'
[01-Sep-2021 13:50:16 Europe/Stockholm] Filename: css/image/callouts/*
[01-Sep-2021 13:50:16 Europe/Stockholm] Source directory: /var/www/ccms/application/lib/docbook/xsl/html5
[01-Sep-2021 13:50:16 Europe/Stockholm] Target directory: /paligo/tmp/erik/production-612f68f08326f2.82432852/244393-Test-html5/out
[01-Sep-2021 13:50:16 Europe/Stockholm] Copy file '1.gif'
[01-Sep-2021 13:50:16 Europe/Stockholm] Copy file '1.png'
[01-Sep-2021 13:50:16 Europe/Stockholm] Copy file '1.svg'
[01-Sep-2021 13:50:16 Europe/Stockholm] Copy file '10.gif'
[01-Sep-2021 13:50:16 Europe/Stockholm] Copy file '10.png'
[01-Sep-2021 13:50:16 Europe/Stockholm] Copy file '10.svg'
[01-Sep-2021 13:50:16 Europe/Stockholm] Copy file '11.gif'
[01-Sep-2021 13:50:16 Europe/Stockholm] Copy file '11.png'
[01-Sep-2021 13:50:16 Europe/Stockholm] Copy file '11.svg'
[01-Sep-2021 13:50:16 Europe/Stockholm] Copy file '12.gif'
[01-Sep-2021 13:50:16 Europe/Stockholm] Copy file '12.png'
[01-Sep-2021 13:50:16 Europe/Stockholm] Copy file '12.svg'
[01-Sep-2021 13:50:16 Europe/Stockholm] Copy file '13.gif'
[01-Sep-2021 13:50:16 Europe/Stockholm] Copy file '13.png'
[01-Sep-2021 13:50:16 Europe/Stockholm] Copy file '13.svg'
[01-Sep-2021 13:50:16 Europe/Stockholm] Copy file '14.gif'
[01-Sep-2021 13:50:16 Europe/Stockholm] Copy file '14.png'
[01-Sep-2021 13:50:16 Europe/Stockholm] Copy file '14.svg'
[01-Sep-2021 13:50:16 Europe/Stockholm] Copy file '15.gif'
[01-Sep-2021 13:50:16 Europe/Stockholm] Copy file '15.png'
[01-Sep-2021 13:50:16 Europe/Stockholm] Copy file '15.svg'
[01-Sep-2021 13:50:16 Europe/Stockholm] Copy file '16.svg'
[01-Sep-2021 13:50:16 Europe/Stockholm] Copy file '17.svg'
[01-Sep-2021 13:50:16 Europe/Stockholm] Copy file '18.svg'
[01-Sep-2021 13:50:16 Europe/Stockholm] Copy file '19.svg'
[01-Sep-2021 13:50:16 Europe/Stockholm] Copy file '2.gif'
[01-Sep-2021 13:50:16 Europe/Stockholm] Copy file '2.png'
[01-Sep-2021 13:50:16 Europe/Stockholm] Copy file '2.svg'
[01-Sep-2021 13:50:16 Europe/Stockholm] Copy file '20.svg'
[01-Sep-2021 13:50:16 Europe/Stockholm] Copy file '21.svg'
[01-Sep-2021 13:50:16 Europe/Stockholm] Copy file '22.svg'
[01-Sep-2021 13:50:16 Europe/Stockholm] Copy file '23.svg'
[01-Sep-2021 13:50:16 Europe/Stockholm] Copy file '24.svg'
[01-Sep-2021 13:50:16 Europe/Stockholm] Copy file '25.svg'
[01-Sep-2021 13:50:16 Europe/Stockholm] Copy file '26.svg'
[01-Sep-2021 13:50:16 Europe/Stockholm] Copy file '27.svg'
[01-Sep-2021 13:50:16 Europe/Stockholm] Copy file '28.svg'
[01-Sep-2021 13:50:16 Europe/Stockholm] Copy file '29.svg'
[01-Sep-2021 13:50:16 Europe/Stockholm] Copy file '3.gif'
[01-Sep-2021 13:50:16 Europe/Stockholm] Copy file '3.png'
[01-Sep-2021 13:50:16 Europe/Stockholm] Copy file '3.svg'
[01-Sep-2021 13:50:16 Europe/Stockholm] Copy file '30.svg'
[01-Sep-2021 13:50:16 Europe/Stockholm] Copy file '4.gif'
[01-Sep-2021 13:50:16 Europe/Stockholm] Copy file '4.png'
[01-Sep-2021 13:50:16 Europe/Stockholm] Copy file '4.svg'
[01-Sep-2021 13:50:16 Europe/Stockholm] Copy file '5.gif'
[01-Sep-2021 13:50:16 Europe/Stockholm] Copy file '5.png'
[01-Sep-2021 13:50:16 Europe/Stockholm] Copy file '5.svg'
[01-Sep-2021 13:50:16 Europe/Stockholm] Copy file '6.gif'
[01-Sep-2021 13:50:16 Europe/Stockholm] Copy file '6.png'
[01-Sep-2021 13:50:16 Europe/Stockholm] Copy file '6.svg'
[01-Sep-2021 13:50:16 Europe/Stockholm] Copy file '7.gif'
[01-Sep-2021 13:50:16 Europe/Stockholm] Copy file '7.png'
[01-Sep-2021 13:50:16 Europe/Stockholm] Copy file '7.svg'
[01-Sep-2021 13:50:16 Europe/Stockholm] Copy file '8.gif'
[01-Sep-2021 13:50:16 Europe/Stockholm] Copy file '8.png'
[01-Sep-2021 13:50:16 Europe/Stockholm] Copy file '8.svg'
[01-Sep-2021 13:50:16 Europe/Stockholm] Copy file '9.gif'
[01-Sep-2021 13:50:16 Europe/Stockholm] Copy file '9.png'
[01-Sep-2021 13:50:16 Europe/Stockholm] Copy file '9.svg'
[01-Sep-2021 13:50:16 Europe/Stockholm] Filename: js/*
[01-Sep-2021 13:50:16 Europe/Stockholm] Source directory: /var/www/ccms/application/lib/docbook/xsl/html5
[01-Sep-2021 13:50:16 Europe/Stockholm] Target directory: /paligo/tmp/erik/production-612f68f08326f2.82432852/244393-Test-html5/out
[01-Sep-2021 13:50:16 Europe/Stockholm] Copy file 'ajax-loading.js'
[01-Sep-2021 13:50:16 Europe/Stockholm] Copy file 'anchorlinks.js'
[01-Sep-2021 13:50:16 Europe/Stockholm] Copy file 'bootstrap.min.js'
[01-Sep-2021 13:50:16 Europe/Stockholm] Copy file 'checklist.js'
[01-Sep-2021 13:50:16 Europe/Stockholm] Copy file 'clipboard.min.js'
[01-Sep-2021 13:50:16 Europe/Stockholm] Copy file 'cookie-consent.js'
[01-Sep-2021 13:50:16 Europe/Stockholm] Copy file 'create-toc.js'
[01-Sep-2021 13:50:16 Europe/Stockholm] Copy file 'csh.js'
[01-Sep-2021 13:50:16 Europe/Stockholm] Copy file 'fuse.min.js'
[01-Sep-2021 13:50:16 Europe/Stockholm] Copy file 'hilitor.js'
[01-Sep-2021 13:50:16 Europe/Stockholm] Copy file 'html5-2-ajax-hp.js'
[01-Sep-2021 13:50:16 Europe/Stockholm] Copy file 'html5-2-ajax.js'
[01-Sep-2021 13:50:16 Europe/Stockholm] Copy file 'html5-2-mp-common.js'
[01-Sep-2021 13:50:16 Europe/Stockholm] Copy file 'html5-2-portal.js'
[01-Sep-2021 13:50:16 Europe/Stockholm] Copy file 'html5-2.js'
[01-Sep-2021 13:50:16 Europe/Stockholm] Copy file 'html5.algoliasearch.js'
[01-Sep-2021 13:50:16 Europe/Stockholm] Copy file 'html5.algoliasearchpage.js'
[01-Sep-2021 13:50:16 Europe/Stockholm] Copy file 'html5.fuse.search.js'
[01-Sep-2021 13:50:16 Europe/Stockholm] Copy file 'jquery-1.10.2.min.js'
[01-Sep-2021 13:50:16 Europe/Stockholm] Copy file 'jquery-1.10.2.min.map'
[01-Sep-2021 13:50:16 Europe/Stockholm] Copy file 'jquery-migrate-3.0.1.min.js'
[01-Sep-2021 13:50:16 Europe/Stockholm] Copy file 'jquery-ui-1.10.3.custom.min.js'
[01-Sep-2021 13:50:16 Europe/Stockholm] Copy file 'jquery.event.move.js'
[01-Sep-2021 13:50:16 Europe/Stockholm] Copy file 'jquery.event.swipe.js'
[01-Sep-2021 13:50:16 Europe/Stockholm] Copy file 'jquery.mark.min.js'
[01-Sep-2021 13:50:16 Europe/Stockholm] Copy file 'jquery.paligocode.js'
[01-Sep-2021 13:50:16 Europe/Stockholm] Copy file 'jquery.smartmenus.js'
[01-Sep-2021 13:50:16 Europe/Stockholm] Copy file 'jquery.sticky.js'
[01-Sep-2021 13:50:16 Europe/Stockholm] Copy file 'lunr-single-lang.js'
[01-Sep-2021 13:50:16 Europe/Stockholm] Copy file 'lunr.js'
[01-Sep-2021 13:50:16 Europe/Stockholm] Copy file 'materialize.min.js'
[01-Sep-2021 13:50:16 Europe/Stockholm] Copy file 'mspace.js'
[01-Sep-2021 13:50:16 Europe/Stockholm] Copy file 'purl.js'
[01-Sep-2021 13:50:16 Europe/Stockholm] Copy file 'respond.min.js'
[01-Sep-2021 13:50:16 Europe/Stockholm] Copy file 'responsive-tables.js'
[01-Sep-2021 13:50:16 Europe/Stockholm] Copy file 'rwd-table.min.js'
[01-Sep-2021 13:50:16 Europe/Stockholm] Copy file 'script-api.js'
[01-Sep-2021 13:50:16 Europe/Stockholm] Copy file 'script-revealjs-slides.js'
[01-Sep-2021 13:50:16 Europe/Stockholm] Copy file 'script.js'
[01-Sep-2021 13:50:16 Europe/Stockholm] Copy file 'search.js'
[01-Sep-2021 13:50:16 Europe/Stockholm] Copy file 'updateurl.js'
[01-Sep-2021 13:50:16 Europe/Stockholm] Filename: js/jquery-3/*
[01-Sep-2021 13:50:16 Europe/Stockholm] Source directory: /var/www/ccms/application/lib/docbook/xsl/html5
[01-Sep-2021 13:50:16 Europe/Stockholm] Target directory: /paligo/tmp/erik/production-612f68f08326f2.82432852/244393-Test-html5/out
[01-Sep-2021 13:50:16 Europe/Stockholm] Copy file 'jquery-3.4.1.min.js'
[01-Sep-2021 13:50:16 Europe/Stockholm] Copy file 'jquery-3.5.1.min.js'
[01-Sep-2021 13:50:16 Europe/Stockholm] Copy file 'jquery-3.6.0.min.js'
[01-Sep-2021 13:50:16 Europe/Stockholm] Filename: fonts/*
[01-Sep-2021 13:50:16 Europe/Stockholm] Source directory: /var/www/ccms/application/lib/docbook/xsl/html5
[01-Sep-2021 13:50:16 Europe/Stockholm] Target directory: /paligo/tmp/erik/production-612f68f08326f2.82432852/244393-Test-html5/out
[01-Sep-2021 13:50:16 Europe/Stockholm] Copy file 'FontAwesome.otf'
[01-Sep-2021 13:50:16 Europe/Stockholm] Copy file 'fontawesome-webfont.eot'
[01-Sep-2021 13:50:16 Europe/Stockholm] Copy file 'fontawesome-webfont.svg'
[01-Sep-2021 13:50:16 Europe/Stockholm] Copy file 'fontawesome-webfont.ttf'
[01-Sep-2021 13:50:16 Europe/Stockholm] Copy file 'fontawesome-webfont.woff'
[01-Sep-2021 13:50:16 Europe/Stockholm] Copy file 'fontawesome-webfont.woff2'
[01-Sep-2021 13:50:16 Europe/Stockholm] Copy file 'glyphicons-halflings-regular.eot'
[01-Sep-2021 13:50:16 Europe/Stockholm] Copy file 'glyphicons-halflings-regular.svg'
[01-Sep-2021 13:50:16 Europe/Stockholm] Copy file 'glyphicons-halflings-regular.ttf'
[01-Sep-2021 13:50:16 Europe/Stockholm] Copy file 'glyphicons-halflings-regular.woff'
[01-Sep-2021 13:50:16 Europe/Stockholm] Copy file 'glyphicons-halflings-regular.woff2'
[01-Sep-2021 13:50:16 Europe/Stockholm] Copy file 'roboto-v20-vietnamese_latin-ext_latin_greek-ext_greek_cyrillic-ext_cyrillic-300.eot'
[01-Sep-2021 13:50:16 Europe/Stockholm] Copy file 'roboto-v20-vietnamese_latin-ext_latin_greek-ext_greek_cyrillic-ext_cyrillic-300.svg'
[01-Sep-2021 13:50:16 Europe/Stockholm] Copy file 'roboto-v20-vietnamese_latin-ext_latin_greek-ext_greek_cyrillic-ext_cyrillic-300.ttf'
[01-Sep-2021 13:50:16 Europe/Stockholm] Copy file 'roboto-v20-vietnamese_latin-ext_latin_greek-ext_greek_cyrillic-ext_cyrillic-300.woff'
[01-Sep-2021 13:50:16 Europe/Stockholm] Copy file 'roboto-v20-vietnamese_latin-ext_latin_greek-ext_greek_cyrillic-ext_cyrillic-300.woff2'
[01-Sep-2021 13:50:16 Europe/Stockholm] Copy file 'roboto-v20-vietnamese_latin-ext_latin_greek-ext_greek_cyrillic-ext_cyrillic-700.eot'
[01-Sep-2021 13:50:16 Europe/Stockholm] Copy file 'roboto-v20-vietnamese_latin-ext_latin_greek-ext_greek_cyrillic-ext_cyrillic-700.svg'
[01-Sep-2021 13:50:16 Europe/Stockholm] Copy file 'roboto-v20-vietnamese_latin-ext_latin_greek-ext_greek_cyrillic-ext_cyrillic-700.ttf'
[01-Sep-2021 13:50:16 Europe/Stockholm] Copy file 'roboto-v20-vietnamese_latin-ext_latin_greek-ext_greek_cyrillic-ext_cyrillic-700.woff'
[01-Sep-2021 13:50:16 Europe/Stockholm] Copy file 'roboto-v20-vietnamese_latin-ext_latin_greek-ext_greek_cyrillic-ext_cyrillic-700.woff2'
[01-Sep-2021 13:50:16 Europe/Stockholm] Copy file 'roboto-v20-vietnamese_latin-ext_latin_greek-ext_greek_cyrillic-ext_cyrillic-regular.eot'
[01-Sep-2021 13:50:16 Europe/Stockholm] Copy file 'roboto-v20-vietnamese_latin-ext_latin_greek-ext_greek_cyrillic-ext_cyrillic-regular.svg'
[01-Sep-2021 13:50:16 Europe/Stockholm] Copy file 'roboto-v20-vietnamese_latin-ext_latin_greek-ext_greek_cyrillic-ext_cyrillic-regular.ttf'
[01-Sep-2021 13:50:16 Europe/Stockholm] Copy file 'roboto-v20-vietnamese_latin-ext_latin_greek-ext_greek_cyrillic-ext_cyrillic-regular.woff'
[01-Sep-2021 13:50:16 Europe/Stockholm] Copy file 'roboto-v20-vietnamese_latin-ext_latin_greek-ext_greek_cyrillic-ext_cyrillic-regular.woff2'
[01-Sep-2021 13:50:16 Europe/Stockholm] Parsing manifest file: css/*, css/image/*, css/image/callouts/*, js/*, fonts/*
[01-Sep-2021 13:50:16 Europe/Stockholm] Filename: css/*
[01-Sep-2021 13:50:16 Europe/Stockholm] Source directory: /var/www/ccms/application/lib/docbook/xsl/html5
[01-Sep-2021 13:50:16 Europe/Stockholm] Target directory: /paligo/tmp/erik/production-612f68f08326f2.82432852/244393-Test-html5/out
[01-Sep-2021 13:50:16 Europe/Stockholm] Copy file 'bootstrap-3.0.2.min.css'
[01-Sep-2021 13:50:16 Europe/Stockholm] Copy file 'bootstrap-theme-3.0.2.min.css'
[01-Sep-2021 13:50:16 Europe/Stockholm] Copy file 'bootstrap-theme.min.css'
[01-Sep-2021 13:50:16 Europe/Stockholm] Copy file 'bootstrap-theme.min.css.map'
[01-Sep-2021 13:50:16 Europe/Stockholm] Copy file 'bootstrap.min.css'
[01-Sep-2021 13:50:16 Europe/Stockholm] Copy file 'bootstrap.min.css.map'
[01-Sep-2021 13:50:16 Europe/Stockholm] Copy file 'content-theme1.css'
[01-Sep-2021 13:50:16 Europe/Stockholm] Copy file 'content-theme2.css'
[01-Sep-2021 13:50:16 Europe/Stockholm] Copy file 'docbook.css'
[01-Sep-2021 13:50:16 Europe/Stockholm] Copy file 'font-awesome.css'
[01-Sep-2021 13:50:16 Europe/Stockholm] Copy file 'graphical-lists.css'
[01-Sep-2021 13:50:16 Europe/Stockholm] Copy file 'html5.algoliasearch.css'
[01-Sep-2021 13:50:16 Europe/Stockholm] Copy file 'html5.algoliasearchpage.css'
[01-Sep-2021 13:50:16 Europe/Stockholm] Copy file 'mathml.css'
[01-Sep-2021 13:50:16 Europe/Stockholm] Copy file 'roboto.font.css'
[01-Sep-2021 13:50:16 Europe/Stockholm] Copy file 'rwd-table.min.css'
[01-Sep-2021 13:50:16 Europe/Stockholm] Copy file 'sm-core-css.css'
[01-Sep-2021 13:50:16 Europe/Stockholm] Copy file 'sm-simple.css'
[01-Sep-2021 13:50:16 Europe/Stockholm] Copy file 'style-api-responsive.css'
[01-Sep-2021 13:50:16 Europe/Stockholm] Copy file 'style-api.css'
[01-Sep-2021 13:50:16 Europe/Stockholm] Copy file 'style-common.css'
[01-Sep-2021 13:50:16 Europe/Stockholm] Copy file 'style-index-page.css'
[01-Sep-2021 13:50:16 Europe/Stockholm] Copy file 'style-modern-tables.css'
[01-Sep-2021 13:50:16 Europe/Stockholm] Copy file 'style-print.css'
[01-Sep-2021 13:50:16 Europe/Stockholm] Copy file 'style-responsive.css'
[01-Sep-2021 13:50:16 Europe/Stockholm] Copy file 'style-revealjs-slides.css'
[01-Sep-2021 13:50:16 Europe/Stockholm] Copy file 'style-single-page.css'
[01-Sep-2021 13:50:16 Europe/Stockholm] Copy file 'style.css'
[01-Sep-2021 13:50:16 Europe/Stockholm] Copy file 'theme0.css'
[01-Sep-2021 13:50:16 Europe/Stockholm] Copy file 'theme1-colors.css'
[01-Sep-2021 13:50:16 Europe/Stockholm] Copy file 'theme1.css'
[01-Sep-2021 13:50:16 Europe/Stockholm] Copy file 'theme2-colors.css'
[01-Sep-2021 13:50:16 Europe/Stockholm] Copy file 'theme2.css'
[01-Sep-2021 13:50:16 Europe/Stockholm] Copy file 'theme3-colors.css'
[01-Sep-2021 13:50:16 Europe/Stockholm] Copy file 'theme3.css'
[01-Sep-2021 13:50:16 Europe/Stockholm] Copy file 'theme3b-colors.css'
[01-Sep-2021 13:50:16 Europe/Stockholm] Copy file 'theme3b.css'
[01-Sep-2021 13:50:16 Europe/Stockholm] Filename: css/image/*
[01-Sep-2021 13:50:16 Europe/Stockholm] Source directory: /var/www/ccms/application/lib/docbook/xsl/html5
[01-Sep-2021 13:50:16 Europe/Stockholm] Target directory: /paligo/tmp/erik/production-612f68f08326f2.82432852/244393-Test-html5/out
[01-Sep-2021 13:50:16 Europe/Stockholm] Copy file 'breadcrumb-seperator.png'
[01-Sep-2021 13:50:16 Europe/Stockholm] Copy file 'caution.png'
[01-Sep-2021 13:50:16 Europe/Stockholm] Copy file 'corporate-logo-blue-inverted.svg'
[01-Sep-2021 13:50:16 Europe/Stockholm] Copy file 'corporate-logo-blue.svg'
[01-Sep-2021 13:50:16 Europe/Stockholm] Copy file 'corporate-logo-white.png'
[01-Sep-2021 13:50:16 Europe/Stockholm] Copy file 'corporate-logo-white.svg'
[01-Sep-2021 13:50:16 Europe/Stockholm] Copy file 'corporate-logo.png'
[01-Sep-2021 13:50:16 Europe/Stockholm] Copy file 'corporate-logo.svg'
[01-Sep-2021 13:50:16 Europe/Stockholm] Copy file 'important.png'
[01-Sep-2021 13:50:16 Europe/Stockholm] Copy file 'note.png'
[01-Sep-2021 13:50:16 Europe/Stockholm] Copy file 'portal1-bg.jpg'
[01-Sep-2021 13:50:16 Europe/Stockholm] Copy file 'portal2a-bg.jpg'
[01-Sep-2021 13:50:16 Europe/Stockholm] Copy file 'portal2b-bg.jpg'
[01-Sep-2021 13:50:16 Europe/Stockholm] Copy file 'portal2c-bg.jpg'
[01-Sep-2021 13:50:16 Europe/Stockholm] Copy file 'subheader-bg.png'
[01-Sep-2021 13:50:16 Europe/Stockholm] Copy file 'warning.png'
[01-Sep-2021 13:50:16 Europe/Stockholm] Filename: css/image/callouts/*
[01-Sep-2021 13:50:16 Europe/Stockholm] Source directory: /var/www/ccms/application/lib/docbook/xsl/html5
[01-Sep-2021 13:50:16 Europe/Stockholm] Target directory: /paligo/tmp/erik/production-612f68f08326f2.82432852/244393-Test-html5/out
[01-Sep-2021 13:50:16 Europe/Stockholm] Copy file '1.gif'
[01-Sep-2021 13:50:16 Europe/Stockholm] Copy file '1.png'
[01-Sep-2021 13:50:16 Europe/Stockholm] Copy file '1.svg'
[01-Sep-2021 13:50:16 Europe/Stockholm] Copy file '10.gif'
[01-Sep-2021 13:50:16 Europe/Stockholm] Copy file '10.png'
[01-Sep-2021 13:50:16 Europe/Stockholm] Copy file '10.svg'
[01-Sep-2021 13:50:16 Europe/Stockholm] Copy file '11.gif'
[01-Sep-2021 13:50:16 Europe/Stockholm] Copy file '11.png'
[01-Sep-2021 13:50:16 Europe/Stockholm] Copy file '11.svg'
[01-Sep-2021 13:50:16 Europe/Stockholm] Copy file '12.gif'
[01-Sep-2021 13:50:16 Europe/Stockholm] Copy file '12.png'
[01-Sep-2021 13:50:16 Europe/Stockholm] Copy file '12.svg'
[01-Sep-2021 13:50:16 Europe/Stockholm] Copy file '13.gif'
[01-Sep-2021 13:50:16 Europe/Stockholm] Copy file '13.png'
[01-Sep-2021 13:50:16 Europe/Stockholm] Copy file '13.svg'
[01-Sep-2021 13:50:16 Europe/Stockholm] Copy file '14.gif'
[01-Sep-2021 13:50:16 Europe/Stockholm] Copy file '14.png'
[01-Sep-2021 13:50:16 Europe/Stockholm] Copy file '14.svg'
[01-Sep-2021 13:50:16 Europe/Stockholm] Copy file '15.gif'
[01-Sep-2021 13:50:16 Europe/Stockholm] Copy file '15.png'
[01-Sep-2021 13:50:16 Europe/Stockholm] Copy file '15.svg'
[01-Sep-2021 13:50:16 Europe/Stockholm] Copy file '16.svg'
[01-Sep-2021 13:50:16 Europe/Stockholm] Copy file '17.svg'
[01-Sep-2021 13:50:16 Europe/Stockholm] Copy file '18.svg'
[01-Sep-2021 13:50:16 Europe/Stockholm] Copy file '19.svg'
[01-Sep-2021 13:50:16 Europe/Stockholm] Copy file '2.gif'
[01-Sep-2021 13:50:16 Europe/Stockholm] Copy file '2.png'
[01-Sep-2021 13:50:16 Europe/Stockholm] Copy file '2.svg'
[01-Sep-2021 13:50:16 Europe/Stockholm] Copy file '20.svg'
[01-Sep-2021 13:50:16 Europe/Stockholm] Copy file '21.svg'
[01-Sep-2021 13:50:16 Europe/Stockholm] Copy file '22.svg'
[01-Sep-2021 13:50:16 Europe/Stockholm] Copy file '23.svg'
[01-Sep-2021 13:50:16 Europe/Stockholm] Copy file '24.svg'
[01-Sep-2021 13:50:16 Europe/Stockholm] Copy file '25.svg'
[01-Sep-2021 13:50:17 Europe/Stockholm] Copy file '26.svg'
[01-Sep-2021 13:50:17 Europe/Stockholm] Copy file '27.svg'
[01-Sep-2021 13:50:17 Europe/Stockholm] Copy file '28.svg'
[01-Sep-2021 13:50:17 Europe/Stockholm] Copy file '29.svg'
[01-Sep-2021 13:50:17 Europe/Stockholm] Copy file '3.gif'
[01-Sep-2021 13:50:17 Europe/Stockholm] Copy file '3.png'
[01-Sep-2021 13:50:17 Europe/Stockholm] Copy file '3.svg'
[01-Sep-2021 13:50:17 Europe/Stockholm] Copy file '30.svg'
[01-Sep-2021 13:50:17 Europe/Stockholm] Copy file '4.gif'
[01-Sep-2021 13:50:17 Europe/Stockholm] Copy file '4.png'
[01-Sep-2021 13:50:17 Europe/Stockholm] Copy file '4.svg'
[01-Sep-2021 13:50:17 Europe/Stockholm] Copy file '5.gif'
[01-Sep-2021 13:50:17 Europe/Stockholm] Copy file '5.png'
[01-Sep-2021 13:50:17 Europe/Stockholm] Copy file '5.svg'
[01-Sep-2021 13:50:17 Europe/Stockholm] Copy file '6.gif'
[01-Sep-2021 13:50:17 Europe/Stockholm] Copy file '6.png'
[01-Sep-2021 13:50:17 Europe/Stockholm] Copy file '6.svg'
[01-Sep-2021 13:50:17 Europe/Stockholm] Copy file '7.gif'
[01-Sep-2021 13:50:17 Europe/Stockholm] Copy file '7.png'
[01-Sep-2021 13:50:17 Europe/Stockholm] Copy file '7.svg'
[01-Sep-2021 13:50:17 Europe/Stockholm] Copy file '8.gif'
[01-Sep-2021 13:50:17 Europe/Stockholm] Copy file '8.png'
[01-Sep-2021 13:50:17 Europe/Stockholm] Copy file '8.svg'
[01-Sep-2021 13:50:17 Europe/Stockholm] Copy file '9.gif'
[01-Sep-2021 13:50:17 Europe/Stockholm] Copy file '9.png'
[01-Sep-2021 13:50:17 Europe/Stockholm] Copy file '9.svg'
[01-Sep-2021 13:50:17 Europe/Stockholm] Filename: js/*
[01-Sep-2021 13:50:17 Europe/Stockholm] Source directory: /var/www/ccms/application/lib/docbook/xsl/html5
[01-Sep-2021 13:50:17 Europe/Stockholm] Target directory: /paligo/tmp/erik/production-612f68f08326f2.82432852/244393-Test-html5/out
[01-Sep-2021 13:50:17 Europe/Stockholm] Copy file 'ajax-loading.js'
[01-Sep-2021 13:50:17 Europe/Stockholm] Copy file 'anchorlinks.js'
[01-Sep-2021 13:50:17 Europe/Stockholm] Copy file 'bootstrap.min.js'
[01-Sep-2021 13:50:17 Europe/Stockholm] Copy file 'checklist.js'
[01-Sep-2021 13:50:17 Europe/Stockholm] Copy file 'clipboard.min.js'
[01-Sep-2021 13:50:17 Europe/Stockholm] Copy file 'cookie-consent.js'
[01-Sep-2021 13:50:17 Europe/Stockholm] Copy file 'create-toc.js'
[01-Sep-2021 13:50:17 Europe/Stockholm] Copy file 'csh.js'
[01-Sep-2021 13:50:17 Europe/Stockholm] Copy file 'fuse.min.js'
[01-Sep-2021 13:50:17 Europe/Stockholm] Copy file 'hilitor.js'
[01-Sep-2021 13:50:17 Europe/Stockholm] Copy file 'html5-2-ajax-hp.js'
[01-Sep-2021 13:50:17 Europe/Stockholm] Copy file 'html5-2-ajax.js'
[01-Sep-2021 13:50:17 Europe/Stockholm] Copy file 'html5-2-mp-common.js'
[01-Sep-2021 13:50:17 Europe/Stockholm] Copy file 'html5-2-portal.js'
[01-Sep-2021 13:50:17 Europe/Stockholm] Copy file 'html5-2.js'
[01-Sep-2021 13:50:17 Europe/Stockholm] Copy file 'html5.algoliasearch.js'
[01-Sep-2021 13:50:17 Europe/Stockholm] Copy file 'html5.algoliasearchpage.js'
[01-Sep-2021 13:50:17 Europe/Stockholm] Copy file 'html5.fuse.search.js'
[01-Sep-2021 13:50:17 Europe/Stockholm] Copy file 'jquery-1.10.2.min.js'
[01-Sep-2021 13:50:17 Europe/Stockholm] Copy file 'jquery-1.10.2.min.map'
[01-Sep-2021 13:50:17 Europe/Stockholm] Copy file 'jquery-migrate-3.0.1.min.js'
[01-Sep-2021 13:50:17 Europe/Stockholm] Copy file 'jquery-ui-1.10.3.custom.min.js'
[01-Sep-2021 13:50:17 Europe/Stockholm] Copy file 'jquery.event.move.js'
[01-Sep-2021 13:50:17 Europe/Stockholm] Copy file 'jquery.event.swipe.js'
[01-Sep-2021 13:50:17 Europe/Stockholm] Copy file 'jquery.mark.min.js'
[01-Sep-2021 13:50:17 Europe/Stockholm] Copy file 'jquery.paligocode.js'
[01-Sep-2021 13:50:17 Europe/Stockholm] Copy file 'jquery.smartmenus.js'
[01-Sep-2021 13:50:17 Europe/Stockholm] Copy file 'jquery.sticky.js'
[01-Sep-2021 13:50:17 Europe/Stockholm] Copy file 'lunr-single-lang.js'
[01-Sep-2021 13:50:17 Europe/Stockholm] Copy file 'lunr.js'
[01-Sep-2021 13:50:17 Europe/Stockholm] Copy file 'materialize.min.js'
[01-Sep-2021 13:50:17 Europe/Stockholm] Copy file 'mspace.js'
[01-Sep-2021 13:50:17 Europe/Stockholm] Copy file 'purl.js'
[01-Sep-2021 13:50:17 Europe/Stockholm] Copy file 'respond.min.js'
[01-Sep-2021 13:50:17 Europe/Stockholm] Copy file 'responsive-tables.js'
[01-Sep-2021 13:50:17 Europe/Stockholm] Copy file 'rwd-table.min.js'
[01-Sep-2021 13:50:17 Europe/Stockholm] Copy file 'script-api.js'
[01-Sep-2021 13:50:17 Europe/Stockholm] Copy file 'script-revealjs-slides.js'
[01-Sep-2021 13:50:17 Europe/Stockholm] Copy file 'script.js'
[01-Sep-2021 13:50:17 Europe/Stockholm] Copy file 'search.js'
[01-Sep-2021 13:50:17 Europe/Stockholm] Copy file 'updateurl.js'
[01-Sep-2021 13:50:17 Europe/Stockholm] Filename: fonts/*
[01-Sep-2021 13:50:17 Europe/Stockholm] Source directory: /var/www/ccms/application/lib/docbook/xsl/html5
[01-Sep-2021 13:50:17 Europe/Stockholm] Target directory: /paligo/tmp/erik/production-612f68f08326f2.82432852/244393-Test-html5/out
[01-Sep-2021 13:50:17 Europe/Stockholm] Copy file 'FontAwesome.otf'
[01-Sep-2021 13:50:17 Europe/Stockholm] Copy file 'fontawesome-webfont.eot'
[01-Sep-2021 13:50:17 Europe/Stockholm] Copy file 'fontawesome-webfont.svg'
[01-Sep-2021 13:50:17 Europe/Stockholm] Copy file 'fontawesome-webfont.ttf'
[01-Sep-2021 13:50:17 Europe/Stockholm] Copy file 'fontawesome-webfont.woff'
[01-Sep-2021 13:50:17 Europe/Stockholm] Copy file 'fontawesome-webfont.woff2'
[01-Sep-2021 13:50:17 Europe/Stockholm] Copy file 'glyphicons-halflings-regular.eot'
[01-Sep-2021 13:50:17 Europe/Stockholm] Copy file 'glyphicons-halflings-regular.svg'
[01-Sep-2021 13:50:17 Europe/Stockholm] Copy file 'glyphicons-halflings-regular.ttf'
[01-Sep-2021 13:50:17 Europe/Stockholm] Copy file 'glyphicons-halflings-regular.woff'
[01-Sep-2021 13:50:17 Europe/Stockholm] Copy file 'glyphicons-halflings-regular.woff2'
[01-Sep-2021 13:50:17 Europe/Stockholm] Copy file 'roboto-v20-vietnamese_latin-ext_latin_greek-ext_greek_cyrillic-ext_cyrillic-300.eot'
[01-Sep-2021 13:50:17 Europe/Stockholm] Copy file 'roboto-v20-vietnamese_latin-ext_latin_greek-ext_greek_cyrillic-ext_cyrillic-300.svg'
[01-Sep-2021 13:50:17 Europe/Stockholm] Copy file 'roboto-v20-vietnamese_latin-ext_latin_greek-ext_greek_cyrillic-ext_cyrillic-300.ttf'
[01-Sep-2021 13:50:17 Europe/Stockholm] Copy file 'roboto-v20-vietnamese_latin-ext_latin_greek-ext_greek_cyrillic-ext_cyrillic-300.woff'
[01-Sep-2021 13:50:17 Europe/Stockholm] Copy file 'roboto-v20-vietnamese_latin-ext_latin_greek-ext_greek_cyrillic-ext_cyrillic-300.woff2'
[01-Sep-2021 13:50:17 Europe/Stockholm] Copy file 'roboto-v20-vietnamese_latin-ext_latin_greek-ext_greek_cyrillic-ext_cyrillic-700.eot'
[01-Sep-2021 13:50:17 Europe/Stockholm] Copy file 'roboto-v20-vietnamese_latin-ext_latin_greek-ext_greek_cyrillic-ext_cyrillic-700.svg'
[01-Sep-2021 13:50:17 Europe/Stockholm] Copy file 'roboto-v20-vietnamese_latin-ext_latin_greek-ext_greek_cyrillic-ext_cyrillic-700.ttf'
[01-Sep-2021 13:50:17 Europe/Stockholm] Copy file 'roboto-v20-vietnamese_latin-ext_latin_greek-ext_greek_cyrillic-ext_cyrillic-700.woff'
[01-Sep-2021 13:50:17 Europe/Stockholm] Copy file 'roboto-v20-vietnamese_latin-ext_latin_greek-ext_greek_cyrillic-ext_cyrillic-700.woff2'
[01-Sep-2021 13:50:17 Europe/Stockholm] Copy file 'roboto-v20-vietnamese_latin-ext_latin_greek-ext_greek_cyrillic-ext_cyrillic-regular.eot'
[01-Sep-2021 13:50:17 Europe/Stockholm] Copy file 'roboto-v20-vietnamese_latin-ext_latin_greek-ext_greek_cyrillic-ext_cyrillic-regular.svg'
[01-Sep-2021 13:50:17 Europe/Stockholm] Copy file 'roboto-v20-vietnamese_latin-ext_latin_greek-ext_greek_cyrillic-ext_cyrillic-regular.ttf'
[01-Sep-2021 13:50:17 Europe/Stockholm] Copy file 'roboto-v20-vietnamese_latin-ext_latin_greek-ext_greek_cyrillic-ext_cyrillic-regular.woff'
[01-Sep-2021 13:50:17 Europe/Stockholm] Copy file 'roboto-v20-vietnamese_latin-ext_latin_greek-ext_greek_cyrillic-ext_cyrillic-regular.woff2'
[01-Sep-2021 13:50:17 Europe/Stockholm] Copy file '/var/www/ccms/application/lib/docbook/xsl/html5/css/image/corporate-logo-white.svg' to '/paligo/tmp/erik/production-612f68f08326f2.82432852/244393-Test-html5/out/css/image/corporate-logo.svg'
[01-Sep-2021 13:50:17 Europe/Stockholm] Copy file '/var/www/ccms/application/lib/docbook/xsl/html5/css/image/corporate-logo-white.svg' to '/paligo/tmp/erik/production-612f68f08326f2.82432852/244393-Test-html5/out/css/image/portal-logo.svg'
[01-Sep-2021 13:50:17 Europe/Stockholm] Post build HTML5
[01/Sep/2021 13:50:18 Europe/Stockholm] [Info] Transformation: index-en.html -> toc-en.html [612f68f7b86e5.toc.xsl]
[01/Sep/2021 13:50:18 Europe/Stockholm] [Info] Transformation: feature--multiple-ribs.html -> feature--multiple-ribs.html [612f68f7b86e5.page.xsl]
[01/Sep/2021 13:50:18 Europe/Stockholm] [Info] Transformation: feature--router-id.html -> feature--router-id.html [612f68f7b86e5.page.xsl]
[01/Sep/2021 13:50:18 Europe/Stockholm] [Info] Transformation: introduction.html -> introduction.html [612f68f7b86e5.page.xsl]
[01/Sep/2021 13:50:18 Europe/Stockholm] [Info] Transformation: product-data.html -> product-data.html [612f68f7b86e5.page.xsl]
[01/Sep/2021 13:50:18 Europe/Stockholm] [Info] Transformation: ietf-routing.html -> ietf-routing.html [612f68f7b86e5.page.xsl]
[01/Sep/2021 13:50:18 Europe/Stockholm] [Info] Transformation: index-en.html -> index-en.html [612f68f7b86e5.page.xsl]
[01/Sep/2021 13:50:18 Europe/Stockholm] [Info] Generating index page.
[01/Sep/2021 13:50:18 Europe/Stockholm] [Info] Transformation: index.manifest -> index.html [612f68f7b86e5.index.xsl]
[01/Sep/2021 13:50:19 Europe/Stockholm] [Info] # Took 9.064938 seconds to render.
